{
  "RSpec": {
    "coverage": {
      "/Users/alexmellor/Documents/code/jobs/log_parser/spec/intergration/parser_spec.rb": {
        "lines": [

        ]
      },
      "/Users/alexmellor/Documents/code/jobs/log_parser/spec/lib/data_analyser_spec.rb": {
        "lines": [
          1,
          null,
          1,
          6,
          5,
          null,
          1,
          1,
          1,
          1,
          null,
          null,
          null,
          1,
          2,
          null,
          1,
          2,
          null,
          null,
          null,
          null,
          null,
          null,
          1,
          2,
          null,
          1,
          1,
          1,
          null,
          null,
          1,
          1,
          1,
          null,
          1,
          null,
          null,
          null,
          null,
          1,
          2,
          2,
          null,
          1,
          1,
          1,
          null,
          null,
          1,
          1,
          null,
          1,
          null,
          null,
          null,
          1,
          2,
          2,
          null,
          1,
          1,
          1,
          null,
          null,
          1,
          1,
          null,
          1,
          null,
          null,
          null
        ]
      },
      "/Users/alexmellor/Documents/code/jobs/log_parser/lib/data_analyser.rb": {
        "lines": [
          1,
          1,
          null,
          1,
          1,
          null,
          1,
          null,
          1,
          null,
          1,
          5,
          null,
          null,
          1,
          5,
          null,
          5,
          null,
          null,
          1,
          1,
          null,
          null,
          1,
          1,
          null,
          null,
          1,
          7,
          7,
          1,
          null,
          null,
          null,
          6,
          null,
          null
        ]
      },
      "/Users/alexmellor/Documents/code/jobs/log_parser/lib/log_parser.rb": {
        "lines": [
          1,
          1,
          null,
          1,
          null,
          1,
          6,
          null,
          null,
          1,
          6,
          null,
          25,
          null,
          5,
          null,
          5,
          40,
          40,
          null,
          null,
          5,
          null,
          null
        ]
      },
      "/Users/alexmellor/Documents/code/jobs/log_parser/lib/formatter.rb": {
        "lines": [
          1,
          1,
          2,
          null,
          null,
          1,
          5,
          null,
          null,
          1,
          1,
          1,
          4,
          null,
          5,
          null,
          null,
          1,
          null,
          1,
          null
        ]
      },
      "/Users/alexmellor/Documents/code/jobs/log_parser/spec/lib/formatter_spec.rb": {
        "lines": [
          1,
          null,
          1,
          3,
          1,
          2,
          null,
          null,
          null,
          null,
          null,
          1,
          1,
          1,
          null,
          null,
          null,
          null,
          null,
          null,
          null,
          1,
          1,
          1,
          null,
          null,
          null,
          null,
          null,
          null,
          null
        ]
      },
      "/Users/alexmellor/Documents/code/jobs/log_parser/spec/lib/log_parser_spec.rb": {
        "lines": [
          1,
          null,
          1,
          3,
          2,
          null,
          1,
          1,
          2,
          null,
          1,
          2,
          null,
          null,
          null,
          null,
          1,
          1,
          1,
          null,
          null,
          null,
          null,
          null,
          null,
          null,
          null
        ]
      }
    },
    "timestamp": 1585643910
  }
}
